/u/s/i/sinclair/courses/cs552/spring2019/handouts/testprograms/public/rand_final/ldld_rand_large.asm SUCCESS CPI:2.4 CYCLES:2475 ICOUNT:1035 IHITRATE: 97.8 DHITRATE: 77.3
/u/s/i/sinclair/courses/cs552/spring2019/handouts/testprograms/public/rand_final/ldld_rand_small.asm SUCCESS CPI:2.4 CYCLES:2475 ICOUNT:1035 IHITRATE: 97.8 DHITRATE: 77.3
/u/s/i/sinclair/courses/cs552/spring2019/handouts/testprograms/public/rand_final/ldst_rand_large.asm SUCCESS CPI:15.9 CYCLES:48 ICOUNT:3 IHITRATE: 33.3 DHITRATE: 0.0
/u/s/i/sinclair/courses/cs552/spring2019/handouts/testprograms/public/rand_final/ldst_rand_small.asm SUCCESS CPI:15.9 CYCLES:48 ICOUNT:3 IHITRATE: 33.3 DHITRATE: 0.0
/u/s/i/sinclair/courses/cs552/spring2019/handouts/testprograms/public/rand_final/t_100_all.asm SUCCESS CPI:5.2 CYCLES:1676 ICOUNT:322 IHITRATE: 24.6 DHITRATE: 126.7
/u/s/i/sinclair/courses/cs552/spring2019/handouts/testprograms/public/rand_final/t_100_ctrl.asm SUCCESS CPI:5.1 CYCLES:2311 ICOUNT:456 IHITRATE: 23.5 DHITRATE: 87.5
/u/s/i/sinclair/courses/cs552/spring2019/handouts/testprograms/public/rand_final/t_100_icache.asm SUCCESS CPI:35.0 CYCLES:420 ICOUNT:12 IHITRATE: 12.9 DHITRATE: 0
/u/s/i/sinclair/courses/cs552/spring2019/handouts/testprograms/public/rand_final/t_100_idcache.asm SUCCESS CPI:9.7 CYCLES:755 ICOUNT:78 IHITRATE: 23.0 DHITRATE: 13.8
/u/s/i/sinclair/courses/cs552/spring2019/handouts/testprograms/public/rand_final/t_100_mem.asm SUCCESS CPI:4.9 CYCLES:3289 ICOUNT:668 IHITRATE: 29.8 DHITRATE: 115.1
/u/s/i/sinclair/courses/cs552/spring2019/handouts/testprograms/public/rand_final/t_101_all.asm SUCCESS CPI:4.9 CYCLES:2110 ICOUNT:435 IHITRATE: 24.7 DHITRATE: 76.9
/u/s/i/sinclair/courses/cs552/spring2019/handouts/testprograms/public/rand_final/t_101_ctrl.asm SUCCESS CPI:4.8 CYCLES:2501 ICOUNT:526 IHITRATE: 25.6 DHITRATE: 42.7
/u/s/i/sinclair/courses/cs552/spring2019/handouts/testprograms/public/rand_final/t_101_icache.asm SUCCESS CPI:7.2 CYCLES:423 ICOUNT:59 IHITRATE: 20.0 DHITRATE: 0
/u/s/i/sinclair/courses/cs552/spring2019/handouts/testprograms/public/rand_final/t_101_idcache.asm SUCCESS CPI:9.9 CYCLES:716 ICOUNT:72 IHITRATE: 23.8 DHITRATE: 10.8
/u/s/i/sinclair/courses/cs552/spring2019/handouts/testprograms/public/rand_final/t_101_mem.asm SUCCESS CPI:4.9 CYCLES:3276 ICOUNT:674 IHITRATE: 29.5 DHITRATE: 122.1
/u/s/i/sinclair/courses/cs552/spring2019/handouts/testprograms/public/rand_final/t_102_all.asm SUCCESS CPI:4.9 CYCLES:1769 ICOUNT:358 IHITRATE: 24.4 DHITRATE: 26.8
/u/s/i/sinclair/courses/cs552/spring2019/handouts/testprograms/public/rand_final/t_102_ctrl.asm SUCCESS CPI:5.3 CYCLES:2336 ICOUNT:442 IHITRATE: 24.2 DHITRATE: 41.2
/u/s/i/sinclair/courses/cs552/spring2019/handouts/testprograms/public/rand_final/t_102_icache.asm SUCCESS CPI:50.6 CYCLES:608 ICOUNT:12 IHITRATE: 13.1 DHITRATE: 0
/u/s/i/sinclair/courses/cs552/spring2019/handouts/testprograms/public/rand_final/t_102_idcache.asm SUCCESS CPI:11.3 CYCLES:702 ICOUNT:62 IHITRATE: 22.2 DHITRATE: 9.0
/u/s/i/sinclair/courses/cs552/spring2019/handouts/testprograms/public/rand_final/t_102_mem.asm SUCCESS CPI:4.6 CYCLES:3120 ICOUNT:681 IHITRATE: 28.0 DHITRATE: 145.7
/u/s/i/sinclair/courses/cs552/spring2019/handouts/testprograms/public/rand_final/t_103_all.asm SUCCESS CPI:4.6 CYCLES:2072 ICOUNT:446 IHITRATE: 25.6 DHITRATE: 65.2
/u/s/i/sinclair/courses/cs552/spring2019/handouts/testprograms/public/rand_final/t_103_ctrl.asm SUCCESS CPI:4.8 CYCLES:2575 ICOUNT:542 IHITRATE: 25.3 DHITRATE: 41.0
/u/s/i/sinclair/courses/cs552/spring2019/handouts/testprograms/public/rand_final/t_103_icache.asm SUCCESS CPI:39.7 CYCLES:517 ICOUNT:13 IHITRATE: 12.1 DHITRATE: 0
/u/s/i/sinclair/courses/cs552/spring2019/handouts/testprograms/public/rand_final/t_103_idcache.asm SUCCESS CPI:6.3 CYCLES:873 ICOUNT:139 IHITRATE: 24.0 DHITRATE: 6.7
/u/s/i/sinclair/courses/cs552/spring2019/handouts/testprograms/public/rand_final/t_103_mem.asm SUCCESS CPI:4.8 CYCLES:3184 ICOUNT:670 IHITRATE: 28.0 DHITRATE: 150.7
/u/s/i/sinclair/courses/cs552/spring2019/handouts/testprograms/public/rand_final/t_104_all.asm SUCCESS CPI:4.6 CYCLES:2064 ICOUNT:448 IHITRATE: 25.7 DHITRATE: 33.3
/u/s/i/sinclair/courses/cs552/spring2019/handouts/testprograms/public/rand_final/t_104_ctrl.asm SUCCESS CPI:4.6 CYCLES:2526 ICOUNT:544 IHITRATE: 26.0 DHITRATE: 48.4
/u/s/i/sinclair/courses/cs552/spring2019/handouts/testprograms/public/rand_final/t_104_icache.asm SUCCESS CPI:9.4 CYCLES:451 ICOUNT:48 IHITRATE: 17.0 DHITRATE: 0
/u/s/i/sinclair/courses/cs552/spring2019/handouts/testprograms/public/rand_final/t_104_idcache.asm SUCCESS CPI:8.6 CYCLES:707 ICOUNT:82 IHITRATE: 21.6 DHITRATE: 5.6
/u/s/i/sinclair/courses/cs552/spring2019/handouts/testprograms/public/rand_final/t_104_mem.asm SUCCESS CPI:4.7 CYCLES:3155 ICOUNT:670 IHITRATE: 27.6 DHITRATE: 162.2
/u/s/i/sinclair/courses/cs552/spring2019/handouts/testprograms/public/rand_final/t_105_all.asm SUCCESS CPI:4.8 CYCLES:2128 ICOUNT:442 IHITRATE: 24.4 DHITRATE: 27.9
/u/s/i/sinclair/courses/cs552/spring2019/handouts/testprograms/public/rand_final/t_105_ctrl.asm SUCCESS CPI:4.7 CYCLES:2393 ICOUNT:513 IHITRATE: 24.1 DHITRATE: 63.3
/u/s/i/sinclair/courses/cs552/spring2019/handouts/testprograms/public/rand_final/t_105_icache.asm SUCCESS CPI:13.4 CYCLES:548 ICOUNT:41 IHITRATE: 13.6 DHITRATE: 0
/u/s/i/sinclair/courses/cs552/spring2019/handouts/testprograms/public/rand_final/t_105_idcache.asm SUCCESS CPI:10.1 CYCLES:786 ICOUNT:78 IHITRATE: 18.1 DHITRATE: 2.8
/u/s/i/sinclair/courses/cs552/spring2019/handouts/testprograms/public/rand_final/t_105_mem.asm SUCCESS CPI:4.7 CYCLES:3150 ICOUNT:671 IHITRATE: 27.5 DHITRATE: 138.2
/u/s/i/sinclair/courses/cs552/spring2019/handouts/testprograms/public/rand_final/t_106_all.asm SUCCESS CPI:4.8 CYCLES:2220 ICOUNT:459 IHITRATE: 24.4 DHITRATE: 78.4
/u/s/i/sinclair/courses/cs552/spring2019/handouts/testprograms/public/rand_final/t_106_ctrl.asm SUCCESS CPI:5.0 CYCLES:2540 ICOUNT:506 IHITRATE: 24.3 DHITRATE: 62.7
/u/s/i/sinclair/courses/cs552/spring2019/handouts/testprograms/public/rand_final/t_106_icache.asm SUCCESS CPI:42.2 CYCLES:507 ICOUNT:12 IHITRATE: 13.5 DHITRATE: 0
/u/s/i/sinclair/courses/cs552/spring2019/handouts/testprograms/public/rand_final/t_106_idcache.asm SUCCESS CPI:7.1 CYCLES:873 ICOUNT:123 IHITRATE: 21.0 DHITRATE: 8.2
/u/s/i/sinclair/courses/cs552/spring2019/handouts/testprograms/public/rand_final/t_106_mem.asm SUCCESS CPI:4.8 CYCLES:3208 ICOUNT:671 IHITRATE: 28.3 DHITRATE: 125.2
/u/s/i/sinclair/courses/cs552/spring2019/handouts/testprograms/public/rand_final/t_107_all.asm SUCCESS CPI:4.7 CYCLES:1973 ICOUNT:419 IHITRATE: 25.5 DHITRATE: 31.8
/u/s/i/sinclair/courses/cs552/spring2019/handouts/testprograms/public/rand_final/t_107_ctrl.asm SUCCESS CPI:4.7 CYCLES:2569 ICOUNT:546 IHITRATE: 24.4 DHITRATE: 62.2
/u/s/i/sinclair/courses/cs552/spring2019/handouts/testprograms/public/rand_final/t_107_icache.asm SUCCESS CPI:13.6 CYCLES:518 ICOUNT:38 IHITRATE: 15.9 DHITRATE: 0
/u/s/i/sinclair/courses/cs552/spring2019/handouts/testprograms/public/rand_final/t_107_idcache.asm SUCCESS CPI:7.1 CYCLES:633 ICOUNT:89 IHITRATE: 22.4 DHITRATE: 20.0
/u/s/i/sinclair/courses/cs552/spring2019/handouts/testprograms/public/rand_final/t_107_mem.asm SUCCESS CPI:4.7 CYCLES:3158 ICOUNT:665 IHITRATE: 28.0 DHITRATE: 133.4
/u/s/i/sinclair/courses/cs552/spring2019/handouts/testprograms/public/rand_final/t_108_all.asm SUCCESS CPI:4.4 CYCLES:2024 ICOUNT:455 IHITRATE: 26.9 DHITRATE: 36.9
/u/s/i/sinclair/courses/cs552/spring2019/handouts/testprograms/public/rand_final/t_108_ctrl.asm SUCCESS CPI:4.8 CYCLES:2464 ICOUNT:510 IHITRATE: 24.1 DHITRATE: 81.6
/u/s/i/sinclair/courses/cs552/spring2019/handouts/testprograms/public/rand_final/t_108_icache.asm SUCCESS CPI:9.5 CYCLES:407 ICOUNT:43 IHITRATE: 16.8 DHITRATE: 0
/u/s/i/sinclair/courses/cs552/spring2019/handouts/testprograms/public/rand_final/t_108_idcache.asm SUCCESS CPI:11.0 CYCLES:541 ICOUNT:49 IHITRATE: 21.2 DHITRATE: 3.7
/u/s/i/sinclair/courses/cs552/spring2019/handouts/testprograms/public/rand_final/t_108_mem.asm SUCCESS CPI:4.9 CYCLES:3305 ICOUNT:681 IHITRATE: 30.1 DHITRATE: 105.2
/u/s/i/sinclair/courses/cs552/spring2019/handouts/testprograms/public/rand_final/t_109_all.asm SUCCESS CPI:4.9 CYCLES:1616 ICOUNT:328 IHITRATE: 23.9 DHITRATE: 147.1
/u/s/i/sinclair/courses/cs552/spring2019/handouts/testprograms/public/rand_final/t_109_ctrl.asm SUCCESS CPI:4.7 CYCLES:2537 ICOUNT:540 IHITRATE: 23.5 DHITRATE: 146.4
/u/s/i/sinclair/courses/cs552/spring2019/handouts/testprograms/public/rand_final/t_109_icache.asm SUCCESS CPI:8.3 CYCLES:727 ICOUNT:88 IHITRATE: 17.7 DHITRATE: 0
/u/s/i/sinclair/courses/cs552/spring2019/handouts/testprograms/public/rand_final/t_109_idcache.asm SUCCESS CPI:9.4 CYCLES:892 ICOUNT:95 IHITRATE: 23.8 DHITRATE: 2.2
/u/s/i/sinclair/courses/cs552/spring2019/handouts/testprograms/public/rand_final/t_109_mem.asm SUCCESS CPI:4.8 CYCLES:3196 ICOUNT:662 IHITRATE: 28.0 DHITRATE: 146.9
/u/s/i/sinclair/courses/cs552/spring2019/handouts/testprograms/public/rand_final/t_10_mem.asm SUCCESS CPI:4.7 CYCLES:3145 ICOUNT:672 IHITRATE: 28.5 DHITRATE: 140.4
/u/s/i/sinclair/courses/cs552/spring2019/handouts/testprograms/public/rand_final/t_110_all.asm SUCCESS CPI:4.6 CYCLES:2055 ICOUNT:445 IHITRATE: 23.6 DHITRATE: 68.8
/u/s/i/sinclair/courses/cs552/spring2019/handouts/testprograms/public/rand_final/t_110_ctrl.asm SUCCESS CPI:5.0 CYCLES:2414 ICOUNT:479 IHITRATE: 24.6 DHITRATE: 188.2
/u/s/i/sinclair/courses/cs552/spring2019/handouts/testprograms/public/rand_final/t_110_icache.asm SUCCESS CPI:8.1 CYCLES:556 ICOUNT:69 IHITRATE: 17.9 DHITRATE: 0
/u/s/i/sinclair/courses/cs552/spring2019/handouts/testprograms/public/rand_final/t_110_idcache.asm SUCCESS CPI:6.3 CYCLES:928 ICOUNT:147 IHITRATE: 23.8 DHITRATE: 4.6
/u/s/i/sinclair/courses/cs552/spring2019/handouts/testprograms/public/rand_final/t_110_mem.asm SUCCESS CPI:4.6 CYCLES:3120 ICOUNT:682 IHITRATE: 27.4 DHITRATE: 148.4
/u/s/i/sinclair/courses/cs552/spring2019/handouts/testprograms/public/rand_final/t_111_all.asm SUCCESS CPI:5.2 CYCLES:2025 ICOUNT:386 IHITRATE: 22.9 DHITRATE: 47.5
/u/s/i/sinclair/courses/cs552/spring2019/handouts/testprograms/public/rand_final/t_111_ctrl.asm SUCCESS CPI:4.5 CYCLES:2500 ICOUNT:561 IHITRATE: 25.2 DHITRATE: 76.6
/u/s/i/sinclair/courses/cs552/spring2019/handouts/testprograms/public/rand_final/t_111_icache.asm SUCCESS CPI:33.2 CYCLES:498 ICOUNT:15 IHITRATE: 11.9 DHITRATE: 0
/u/s/i/sinclair/courses/cs552/spring2019/handouts/testprograms/public/rand_final/t_111_idcache.asm SUCCESS CPI:7.8 CYCLES:750 ICOUNT:96 IHITRATE: 21.3 DHITRATE: 4.3
/u/s/i/sinclair/courses/cs552/spring2019/handouts/testprograms/public/rand_final/t_111_mem.asm SUCCESS CPI:4.8 CYCLES:3255 ICOUNT:683 IHITRATE: 29.4 DHITRATE: 141.3
/u/s/i/sinclair/courses/cs552/spring2019/handouts/testprograms/public/rand_final/t_112_all.asm SUCCESS CPI:5.0 CYCLES:1830 ICOUNT:365 IHITRATE: 25.0 DHITRATE: 45.0
/u/s/i/sinclair/courses/cs552/spring2019/handouts/testprograms/public/rand_final/t_112_ctrl.asm SUCCESS CPI:4.7 CYCLES:2546 ICOUNT:540 IHITRATE: 26.0 DHITRATE: 48.1
/u/s/i/sinclair/courses/cs552/spring2019/handouts/testprograms/public/rand_final/t_112_icache.asm SUCCESS CPI:6.9 CYCLES:416 ICOUNT:60 IHITRATE: 18.9 DHITRATE: 0
/u/s/i/sinclair/courses/cs552/spring2019/handouts/testprograms/public/rand_final/t_112_idcache.asm SUCCESS CPI:9.6 CYCLES:650 ICOUNT:68 IHITRATE: 25.8 DHITRATE: 7.8
/u/s/i/sinclair/courses/cs552/spring2019/handouts/testprograms/public/rand_final/t_112_mem.asm SUCCESS CPI:4.8 CYCLES:3201 ICOUNT:672 IHITRATE: 27.8 DHITRATE: 131.7
/u/s/i/sinclair/courses/cs552/spring2019/handouts/testprograms/public/rand_final/t_113_all.asm SUCCESS CPI:4.9 CYCLES:1644 ICOUNT:335 IHITRATE: 23.0 DHITRATE: 128.6
/u/s/i/sinclair/courses/cs552/spring2019/handouts/testprograms/public/rand_final/t_113_ctrl.asm SUCCESS CPI:5.1 CYCLES:2470 ICOUNT:484 IHITRATE: 23.3 DHITRATE: 80.0
/u/s/i/sinclair/courses/cs552/spring2019/handouts/testprograms/public/rand_final/t_113_icache.asm SUCCESS CPI:13.9 CYCLES:753 ICOUNT:54 IHITRATE: 14.5 DHITRATE: 0
/u/s/i/sinclair/courses/cs552/spring2019/handouts/testprograms/public/rand_final/t_113_idcache.asm SUCCESS CPI:6.4 CYCLES:891 ICOUNT:139 IHITRATE: 21.7 DHITRATE: 8.5
/u/s/i/sinclair/courses/cs552/spring2019/handouts/testprograms/public/rand_final/t_113_mem.asm SUCCESS CPI:4.7 CYCLES:3202 ICOUNT:684 IHITRATE: 28.7 DHITRATE: 148.9
/u/s/i/sinclair/courses/cs552/spring2019/handouts/testprograms/public/rand_final/t_114_all.asm SUCCESS CPI:4.2 CYCLES:2478 ICOUNT:593 IHITRATE: 26.4 DHITRATE: 100.0
/u/s/i/sinclair/courses/cs552/spring2019/handouts/testprograms/public/rand_final/t_114_ctrl.asm SUCCESS CPI:4.3 CYCLES:2709 ICOUNT:628 IHITRATE: 24.7 DHITRATE: 103.8
/u/s/i/sinclair/courses/cs552/spring2019/handouts/testprograms/public/rand_final/t_114_icache.asm SUCCESS CPI:13.4 CYCLES:523 ICOUNT:39 IHITRATE: 16.2 DHITRATE: 0
/u/s/i/sinclair/courses/cs552/spring2019/handouts/testprograms/public/rand_final/t_114_idcache.asm SUCCESS CPI:7.0 CYCLES:731 ICOUNT:105 IHITRATE: 22.9 DHITRATE: 3.2
/u/s/i/sinclair/courses/cs552/spring2019/handouts/testprograms/public/rand_final/t_114_mem.asm SUCCESS CPI:4.6 CYCLES:3193 ICOUNT:690 IHITRATE: 28.2 DHITRATE: 132.0
/u/s/i/sinclair/courses/cs552/spring2019/handouts/testprograms/public/rand_final/t_115_all.asm SUCCESS CPI:4.7 CYCLES:2077 ICOUNT:446 IHITRATE: 25.2 DHITRATE: 71.8
/u/s/i/sinclair/courses/cs552/spring2019/handouts/testprograms/public/rand_final/t_115_ctrl.asm SUCCESS CPI:4.9 CYCLES:2459 ICOUNT:500 IHITRATE: 24.3 DHITRATE: 75.0
/u/s/i/sinclair/courses/cs552/spring2019/handouts/testprograms/public/rand_final/t_115_icache.asm SUCCESS CPI:13.8 CYCLES:414 ICOUNT:30 IHITRATE: 16.1 DHITRATE: 0
/u/s/i/sinclair/courses/cs552/spring2019/handouts/testprograms/public/rand_final/t_115_idcache.asm SUCCESS CPI:9.5 CYCLES:654 ICOUNT:69 IHITRATE: 25.0 DHITRATE: 10.8
/u/s/i/sinclair/courses/cs552/spring2019/handouts/testprograms/public/rand_final/t_115_mem.asm SUCCESS CPI:4.7 CYCLES:3115 ICOUNT:658 IHITRATE: 27.3 DHITRATE: 163.1
/u/s/i/sinclair/courses/cs552/spring2019/handouts/testprograms/public/rand_final/t_116_all.asm SUCCESS CPI:4.2 CYCLES:2403 ICOUNT:569 IHITRATE: 25.0 DHITRATE: 91.7
/u/s/i/sinclair/courses/cs552/spring2019/handouts/testprograms/public/rand_final/t_116_ctrl.asm SUCCESS CPI:4.2 CYCLES:2634 ICOUNT:620 IHITRATE: 26.6 DHITRATE: 123.7
/u/s/i/sinclair/courses/cs552/spring2019/handouts/testprograms/public/rand_final/t_116_icache.asm SUCCESS CPI:50.9 CYCLES:459 ICOUNT:9 IHITRATE: 10.5 DHITRATE: 0
/u/s/i/sinclair/courses/cs552/spring2019/handouts/testprograms/public/rand_final/t_116_idcache.asm SUCCESS CPI:6.9 CYCLES:901 ICOUNT:130 IHITRATE: 20.4 DHITRATE: 11.9
/u/s/i/sinclair/courses/cs552/spring2019/handouts/testprograms/public/rand_final/t_116_mem.asm SUCCESS CPI:4.8 CYCLES:3237 ICOUNT:669 IHITRATE: 31.0 DHITRATE: 103.0
/u/s/i/sinclair/courses/cs552/spring2019/handouts/testprograms/public/rand_final/t_117_all.asm SUCCESS CPI:4.7 CYCLES:2171 ICOUNT:459 IHITRATE: 26.0 DHITRATE: 63.3
/u/s/i/sinclair/courses/cs552/spring2019/handouts/testprograms/public/rand_final/t_117_ctrl.asm SUCCESS CPI:4.8 CYCLES:2549 ICOUNT:531 IHITRATE: 25.7 DHITRATE: 44.4
/u/s/i/sinclair/courses/cs552/spring2019/handouts/testprograms/public/rand_final/t_117_icache.asm SUCCESS CPI:19.4 CYCLES:447 ICOUNT:23 IHITRATE: 16.0 DHITRATE: 0
/u/s/i/sinclair/courses/cs552/spring2019/handouts/testprograms/public/rand_final/t_117_idcache.asm SUCCESS CPI:10.4 CYCLES:977 ICOUNT:94 IHITRATE: 19.4 DHITRATE: 8.9
/u/s/i/sinclair/courses/cs552/spring2019/handouts/testprograms/public/rand_final/t_117_mem.asm SUCCESS CPI:4.7 CYCLES:3224 ICOUNT:683 IHITRATE: 28.6 DHITRATE: 112.3
/u/s/i/sinclair/courses/cs552/spring2019/handouts/testprograms/public/rand_final/t_118_all.asm SUCCESS CPI:4.6 CYCLES:2372 ICOUNT:516 IHITRATE: 26.3 DHITRATE: 63.5
/u/s/i/sinclair/courses/cs552/spring2019/handouts/testprograms/public/rand_final/t_118_ctrl.asm SUCCESS CPI:4.8 CYCLES:2465 ICOUNT:515 IHITRATE: 26.0 DHITRATE: 51.2
/u/s/i/sinclair/courses/cs552/spring2019/handouts/testprograms/public/rand_final/t_118_icache.asm SUCCESS CPI:26.0 CYCLES:364 ICOUNT:14 IHITRATE: 14.7 DHITRATE: 0
/u/s/i/sinclair/courses/cs552/spring2019/handouts/testprograms/public/rand_final/t_118_idcache.asm SUCCESS CPI:9.5 CYCLES:771 ICOUNT:81 IHITRATE: 19.9 DHITRATE: 6.4
/u/s/i/sinclair/courses/cs552/spring2019/handouts/testprograms/public/rand_final/t_118_mem.asm SUCCESS CPI:4.8 CYCLES:3167 ICOUNT:655 IHITRATE: 27.9 DHITRATE: 166.8
/u/s/i/sinclair/courses/cs552/spring2019/handouts/testprograms/public/rand_final/t_119_all.asm SUCCESS CPI:4.6 CYCLES:1895 ICOUNT:414 IHITRATE: 26.2 DHITRATE: 58.1
/u/s/i/sinclair/courses/cs552/spring2019/handouts/testprograms/public/rand_final/t_119_ctrl.asm SUCCESS CPI:4.5 CYCLES:2545 ICOUNT:560 IHITRATE: 25.1 DHITRATE: 150.0
/u/s/i/sinclair/courses/cs552/spring2019/handouts/testprograms/public/rand_final/t_119_icache.asm SUCCESS CPI:8.7 CYCLES:443 ICOUNT:51 IHITRATE: 15.5 DHITRATE: 0
/u/s/i/sinclair/courses/cs552/spring2019/handouts/testprograms/public/rand_final/t_119_idcache.asm SUCCESS CPI:8.1 CYCLES:638 ICOUNT:79 IHITRATE: 27.2 DHITRATE: 2.2
/u/s/i/sinclair/courses/cs552/spring2019/handouts/testprograms/public/rand_final/t_119_mem.asm SUCCESS CPI:4.8 CYCLES:3232 ICOUNT:676 IHITRATE: 28.8 DHITRATE: 106.9
/u/s/i/sinclair/courses/cs552/spring2019/handouts/testprograms/public/rand_final/t_11_mem.asm SUCCESS CPI:4.8 CYCLES:3239 ICOUNT:676 IHITRATE: 28.8 DHITRATE: 105.7
/u/s/i/sinclair/courses/cs552/spring2019/handouts/testprograms/public/rand_final/t_120_all.asm SUCCESS CPI:5.1 CYCLES:1956 ICOUNT:384 IHITRATE: 22.5 DHITRATE: 84.0
/u/s/i/sinclair/courses/cs552/spring2019/handouts/testprograms/public/rand_final/t_120_ctrl.asm SUCCESS CPI:4.6 CYCLES:2481 ICOUNT:538 IHITRATE: 23.6 DHITRATE: 66.7
/u/s/i/sinclair/courses/cs552/spring2019/handouts/testprograms/public/rand_final/t_120_icache.asm SUCCESS CPI:7.4 CYCLES:685 ICOUNT:92 IHITRATE: 18.0 DHITRATE: 0
/u/s/i/sinclair/courses/cs552/spring2019/handouts/testprograms/public/rand_final/t_120_idcache.asm SUCCESS CPI:8.1 CYCLES:890 ICOUNT:110 IHITRATE: 23.6 DHITRATE: 12.8
/u/s/i/sinclair/courses/cs552/spring2019/handouts/testprograms/public/rand_final/t_120_mem.asm SUCCESS CPI:4.8 CYCLES:3205 ICOUNT:671 IHITRATE: 28.2 DHITRATE: 122.9
/u/s/i/sinclair/courses/cs552/spring2019/handouts/testprograms/public/rand_final/t_121_all.asm SUCCESS CPI:5.2 CYCLES:1652 ICOUNT:320 IHITRATE: 23.5 DHITRATE: 45.5
/u/s/i/sinclair/courses/cs552/spring2019/handouts/testprograms/public/rand_final/t_122_all.asm SUCCESS CPI:5.0 CYCLES:1613 ICOUNT:325 IHITRATE: 24.3 DHITRATE: 52.9
/u/s/i/sinclair/courses/cs552/spring2019/handouts/testprograms/public/rand_final/t_123_all.asm SUCCESS CPI:4.6 CYCLES:2314 ICOUNT:503 IHITRATE: 25.4 DHITRATE: 53.3
/u/s/i/sinclair/courses/cs552/spring2019/handouts/testprograms/public/rand_final/t_124_all.asm SUCCESS CPI:4.4 CYCLES:1589 ICOUNT:362 IHITRATE: 26.7 DHITRATE: 65.4
/u/s/i/sinclair/courses/cs552/spring2019/handouts/testprograms/public/rand_final/t_125_all.asm SUCCESS CPI:4.9 CYCLES:2454 ICOUNT:496 IHITRATE: 27.3 DHITRATE: 35.2
/u/s/i/sinclair/courses/cs552/spring2019/handouts/testprograms/public/rand_final/t_126_all.asm SUCCESS CPI:4.3 CYCLES:2616 ICOUNT:606 IHITRATE: 26.8 DHITRATE: 35.8
/u/s/i/sinclair/courses/cs552/spring2019/handouts/testprograms/public/rand_final/t_127_all.asm SUCCESS CPI:4.6 CYCLES:2107 ICOUNT:461 IHITRATE: 25.4 DHITRATE: 58.2
/u/s/i/sinclair/courses/cs552/spring2019/handouts/testprograms/public/rand_final/t_128_all.asm SUCCESS CPI:5.0 CYCLES:2169 ICOUNT:430 IHITRATE: 23.5 DHITRATE: 46.5
/u/s/i/sinclair/courses/cs552/spring2019/handouts/testprograms/public/rand_final/t_129_all.asm SUCCESS CPI:4.8 CYCLES:2077 ICOUNT:435 IHITRATE: 27.0 DHITRATE: 113.3
/u/s/i/sinclair/courses/cs552/spring2019/handouts/testprograms/public/rand_final/t_12_mem.asm SUCCESS CPI:4.9 CYCLES:3155 ICOUNT:650 IHITRATE: 27.6 DHITRATE: 129.0
/u/s/i/sinclair/courses/cs552/spring2019/handouts/testprograms/public/rand_final/t_130_all.asm SUCCESS CPI:4.2 CYCLES:2577 ICOUNT:617 IHITRATE: 26.5 DHITRATE: 41.1
/u/s/i/sinclair/courses/cs552/spring2019/handouts/testprograms/public/rand_final/t_131_all.asm SUCCESS CPI:4.4 CYCLES:2439 ICOUNT:553 IHITRATE: 25.3 DHITRATE: 140.6
/u/s/i/sinclair/courses/cs552/spring2019/handouts/testprograms/public/rand_final/t_132_all.asm SUCCESS CPI:4.5 CYCLES:2133 ICOUNT:477 IHITRATE: 25.2 DHITRATE: 45.1
/u/s/i/sinclair/courses/cs552/spring2019/handouts/testprograms/public/rand_final/t_133_all.asm SUCCESS CPI:4.4 CYCLES:1984 ICOUNT:447 IHITRATE: 26.8 DHITRATE: 36.4
/u/s/i/sinclair/courses/cs552/spring2019/handouts/testprograms/public/rand_final/t_134_all.asm SUCCESS CPI:4.4 CYCLES:2119 ICOUNT:478 IHITRATE: 26.3 DHITRATE: 60.0
/u/s/i/sinclair/courses/cs552/spring2019/handouts/testprograms/public/rand_final/t_135_all.asm SUCCESS CPI:4.2 CYCLES:2574 ICOUNT:606 IHITRATE: 26.4 DHITRATE: 37.4
/u/s/i/sinclair/courses/cs552/spring2019/handouts/testprograms/public/rand_final/t_136_all.asm SUCCESS CPI:4.8 CYCLES:2046 ICOUNT:423 IHITRATE: 25.4 DHITRATE: 51.9
/u/s/i/sinclair/courses/cs552/spring2019/handouts/testprograms/public/rand_final/t_137_all.asm SUCCESS CPI:4.3 CYCLES:2344 ICOUNT:542 IHITRATE: 25.7 DHITRATE: 54.3
/u/s/i/sinclair/courses/cs552/spring2019/handouts/testprograms/public/rand_final/t_138_all.asm SUCCESS CPI:4.3 CYCLES:2652 ICOUNT:615 IHITRATE: 25.9 DHITRATE: 60.0
/u/s/i/sinclair/courses/cs552/spring2019/handouts/testprograms/public/rand_final/t_139_all.asm SUCCESS CPI:5.1 CYCLES:1881 ICOUNT:368 IHITRATE: 23.7 DHITRATE: 32.4
/u/s/i/sinclair/courses/cs552/spring2019/handouts/testprograms/public/rand_final/t_13_mem.asm SUCCESS CPI:4.7 CYCLES:3173 ICOUNT:682 IHITRATE: 27.8 DHITRATE: 141.5
/u/s/i/sinclair/courses/cs552/spring2019/handouts/testprograms/public/rand_final/t_140_all.asm SUCCESS CPI:4.6 CYCLES:1875 ICOUNT:405 IHITRATE: 23.9 DHITRATE: 80.0
/u/s/i/sinclair/courses/cs552/spring2019/handouts/testprograms/public/rand_final/t_141_all.asm SUCCESS CPI:4.2 CYCLES:2086 ICOUNT:493 IHITRATE: 26.0 DHITRATE: 131.0
/u/s/i/sinclair/courses/cs552/spring2019/handouts/testprograms/public/rand_final/t_142_all.asm SUCCESS CPI:4.5 CYCLES:1787 ICOUNT:396 IHITRATE: 25.1 DHITRATE: 47.8
/u/s/i/sinclair/courses/cs552/spring2019/handouts/testprograms/public/rand_final/t_143_all.asm SUCCESS CPI:4.2 CYCLES:2176 ICOUNT:514 IHITRATE: 26.1 DHITRATE: 55.8
/u/s/i/sinclair/courses/cs552/spring2019/handouts/testprograms/public/rand_final/t_144_all.asm SUCCESS CPI:5.0 CYCLES:2165 ICOUNT:432 IHITRATE: 25.3 DHITRATE: 188.9
/u/s/i/sinclair/courses/cs552/spring2019/handouts/testprograms/public/rand_final/t_145_all.asm SUCCESS CPI:4.6 CYCLES:2014 ICOUNT:442 IHITRATE: 26.6 DHITRATE: 39.7
/u/s/i/sinclair/courses/cs552/spring2019/handouts/testprograms/public/rand_final/t_146_all.asm SUCCESS CPI:4.3 CYCLES:2625 ICOUNT:609 IHITRATE: 26.4 DHITRATE: 47.7
/u/s/i/sinclair/courses/cs552/spring2019/handouts/testprograms/public/rand_final/t_147_all.asm SUCCESS CPI:4.5 CYCLES:2016 ICOUNT:445 IHITRATE: 24.7 DHITRATE: 44.0
/u/s/i/sinclair/courses/cs552/spring2019/handouts/testprograms/public/rand_final/t_148_all.asm SUCCESS CPI:4.6 CYCLES:2117 ICOUNT:456 IHITRATE: 26.3 DHITRATE: 56.6
/u/s/i/sinclair/courses/cs552/spring2019/handouts/testprograms/public/rand_final/t_149_all.asm SUCCESS CPI:4.5 CYCLES:2035 ICOUNT:452 IHITRATE: 25.9 DHITRATE: 69.2
/u/s/i/sinclair/courses/cs552/spring2019/handouts/testprograms/public/rand_final/t_14_mem.asm SUCCESS CPI:4.9 CYCLES:3196 ICOUNT:647 IHITRATE: 28.3 DHITRATE: 106.8
/u/s/i/sinclair/courses/cs552/spring2019/handouts/testprograms/public/rand_final/t_150_all.asm SUCCESS CPI:4.5 CYCLES:2268 ICOUNT:505 IHITRATE: 25.6 DHITRATE: 79.6
/u/s/i/sinclair/courses/cs552/spring2019/handouts/testprograms/public/rand_final/t_15_mem.asm SUCCESS CPI:4.7 CYCLES:3166 ICOUNT:676 IHITRATE: 27.6 DHITRATE: 140.5
/u/s/i/sinclair/courses/cs552/spring2019/handouts/testprograms/public/rand_final/t_16_mem.asm SUCCESS CPI:4.8 CYCLES:3137 ICOUNT:660 IHITRATE: 28.1 DHITRATE: 132.0
/u/s/i/sinclair/courses/cs552/spring2019/handouts/testprograms/public/rand_final/t_17_mem.asm SUCCESS CPI:4.7 CYCLES:3218 ICOUNT:692 IHITRATE: 28.2 DHITRATE: 122.5
/u/s/i/sinclair/courses/cs552/spring2019/handouts/testprograms/public/rand_final/t_18_mem.asm SUCCESS CPI:4.7 CYCLES:3187 ICOUNT:675 IHITRATE: 28.1 DHITRATE: 126.8
/u/s/i/sinclair/courses/cs552/spring2019/handouts/testprograms/public/rand_final/t_19_mem.asm SUCCESS CPI:4.7 CYCLES:3173 ICOUNT:674 IHITRATE: 28.0 DHITRATE: 109.1
